[0.132s][info][gc,start    ] GC(1) Pause Young (Normal) (G1 Evacuation Pause)
[0.132s][info][gc,task     ] GC(1) Using 3 workers of 4 for evacuation
[0.135s][info][gc,phases   ] GC(1)   Pre Evacuate Collection Set: 0.1ms
[0.135s][info][gc,phases   ] GC(1)   Merge Heap Roots: 0.1ms
[0.135s][info][gc,phases   ] GC(1)   Evacuate Collection Set: 2.2ms
[0.135s][info][gc,phases   ] GC(1)   Post Evacuate Collection Set: 0.2ms
[0.135s][info][gc,phases   ] GC(1)   Other: 0.0ms
[0.135s][info][gc,heap     ] GC(1) Eden regions: 1->0(1)
[0.135s][info][gc,heap     ] GC(1) Survivor regions: 1->1(1)
[0.135s][info][gc,heap     ] GC(1) Old regions: 1->2
[0.135s][info][gc,heap     ] GC(1) Humongous regions: 1->1
[0.135s][info][gc,metaspace] GC(1) Metaspace: 749K(896K)->749K(896K) NonClass: 689K(768K)->689K(768K) Class: 60K(128K)->60K(128K)
[0.135s][info][gc          ] GC(1) Pause Young (Normal) (G1 Evacuation Pause) 23M->22M(136M) 2.732ms
[0.135s][info][gc,cpu      ] GC(1) User=0.00s Sys=0.01s Real=0.00s
[0.160s][info][gc,start    ] GC(2) Pause Young (Normal) (G1 Evacuation Pause)
[0.160s][info][gc,task     ] GC(2) Using 3 workers of 4 for evacuation
[0.161s][info][gc,phases   ] GC(2)   Pre Evacuate Collection Set: 0.1ms
[0.161s][info][gc,phases   ] GC(2)   Merge Heap Roots: 0.0ms
[0.161s][info][gc,phases   ] GC(2)   Evacuate Collection Set: 1.3ms
[0.161s][info][gc,phases   ] GC(2)   Post Evacuate Collection Set: 0.2ms
[0.161s][info][gc,phases   ] GC(2)   Other: 0.0ms
[0.161s][info][gc,heap     ] GC(2) Eden regions: 1->0(2)
[0.161s][info][gc,heap     ] GC(2) Survivor regions: 1->1(1)
[0.161s][info][gc,heap     ] GC(2) Old regions: 2->3
[0.161s][info][gc,heap     ] GC(2) Humongous regions: 1->1
[0.161s][info][gc,metaspace] GC(2) Metaspace: 1843K(2048K)->1843K(2048K) NonClass: 1768K(1856K)->1768K(1856K) Class: 75K(192K)->75K(192K)
[0.161s][info][gc          ] GC(2) Pause Young (Normal) (G1 Evacuation Pause) 30M->25M(136M) 1.791ms
[0.161s][info][gc,cpu      ] GC(2) User=0.01s Sys=0.00s Real=0.01s
[0.499s][info][gc,start    ] GC(3) Pause Young (Normal) (G1 Evacuation Pause)
[0.499s][info][gc,task     ] GC(3) Using 4 workers of 4 for evacuation
[0.504s][info][gc,phases   ] GC(3)   Pre Evacuate Collection Set: 0.1ms
[0.504s][info][gc,phases   ] GC(3)   Merge Heap Roots: 0.0ms
[0.504s][info][gc,phases   ] GC(3)   Evacuate Collection Set: 4.3ms
[0.504s][info][gc,phases   ] GC(3)   Post Evacuate Collection Set: 0.4ms
[0.504s][info][gc,phases   ] GC(3)   Other: 0.1ms
[0.504s][info][gc,heap     ] GC(3) Eden regions: 2->0(3)
[0.504s][info][gc,heap     ] GC(3) Survivor regions: 1->1(1)
[0.504s][info][gc,heap     ] GC(3) Old regions: 3->3
[0.504s][info][gc,heap     ] GC(3) Humongous regions: 1->1
[0.504s][info][gc,metaspace] GC(3) Metaspace: 17324K(17664K)->17324K(17664K) NonClass: 15546K(15744K)->15546K(15744K) Class: 1777K(1920K)->1777K(1920K)
[0.504s][info][gc          ] GC(3) Pause Young (Normal) (G1 Evacuation Pause) 41M->31M(136M) 5.030ms
[0.504s][info][gc,cpu      ] GC(3) User=0.02s Sys=0.00s Real=0.01s
[0.632s][info][gc,start    ] GC(4) Pause Young (Normal) (G1 Evacuation Pause)
[0.632s][info][gc,task     ] GC(4) Using 4 workers of 4 for evacuation
[0.642s][info][gc,phases   ] GC(4)   Pre Evacuate Collection Set: 0.1ms
[0.642s][info][gc,phases   ] GC(4)   Merge Heap Roots: 0.0ms
[0.642s][info][gc,phases   ] GC(4)   Evacuate Collection Set: 9.0ms
[0.642s][info][gc,phases   ] GC(4)   Post Evacuate Collection Set: 0.6ms
[0.642s][info][gc,phases   ] GC(4)   Other: 0.1ms
[0.642s][info][gc,heap     ] GC(4) Eden regions: 3->0(3)
[0.642s][info][gc,heap     ] GC(4) Survivor regions: 1->1(1)
[0.642s][info][gc,heap     ] GC(4) Old regions: 3->4
[0.642s][info][gc,heap     ] GC(4) Humongous regions: 1->1
[0.642s][info][gc,metaspace] GC(4) Metaspace: 17999K(18304K)->17999K(18304K) NonClass: 16163K(16320K)->16163K(16320K) Class: 1836K(1984K)->1836K(1984K)
[0.642s][info][gc          ] GC(4) Pause Young (Normal) (G1 Evacuation Pause) 55M->41M(200M) 9.998ms
[0.642s][info][gc,cpu      ] GC(4) User=0.03s Sys=0.01s Real=0.01s
[0.833s][info][gc,start    ] GC(5) Pause Young (Concurrent Start) (Metadata GC Threshold)
[0.833s][info][gc,task     ] GC(5) Using 4 workers of 4 for evacuation
[0.841s][info][gc,phases   ] GC(5)   Pre Evacuate Collection Set: 0.1ms
[0.841s][info][gc,phases   ] GC(5)   Merge Heap Roots: 0.1ms
[0.841s][info][gc,phases   ] GC(5)   Evacuate Collection Set: 7.4ms
[0.842s][info][gc,phases   ] GC(5)   Post Evacuate Collection Set: 0.4ms
[0.842s][info][gc,phases   ] GC(5)   Other: 0.1ms
[0.842s][info][gc,heap     ] GC(5) Eden regions: 2->0(3)
[0.842s][info][gc,heap     ] GC(5) Survivor regions: 1->1(1)
[0.842s][info][gc,heap     ] GC(5) Old regions: 4->5
[0.842s][info][gc,heap     ] GC(5) Humongous regions: 1->1
[0.842s][info][gc,metaspace] GC(5) Metaspace: 21234K(21504K)->21234K(21504K) NonClass: 19066K(19200K)->19066K(19200K) Class: 2168K(2304K)->2168K(2304K)
[0.842s][info][gc          ] GC(5) Pause Young (Concurrent Start) (Metadata GC Threshold) 54M->46M(200M) 8.173ms
[0.842s][info][gc,cpu      ] GC(5) User=0.03s Sys=0.01s Real=0.01s
[0.842s][info][gc          ] GC(6) Concurrent Mark Cycle
[0.842s][info][gc,marking  ] GC(6) Concurrent Scan Root Regions
[0.852s][info][gc,marking  ] GC(6) Concurrent Scan Root Regions 10.425ms
[0.852s][info][gc,marking  ] GC(6) Concurrent Mark
[0.852s][info][gc,marking  ] GC(6) Concurrent Mark From Roots
[0.852s][info][gc,task     ] GC(6) Using 1 workers of 1 for marking
[0.869s][info][gc,marking  ] GC(6) Concurrent Mark From Roots 17.336ms
[0.869s][info][gc,marking  ] GC(6) Concurrent Preclean
[0.869s][info][gc,marking  ] GC(6) Concurrent Preclean 0.018ms
[0.870s][info][gc,start    ] GC(6) Pause Remark
[0.871s][info][gc          ] GC(6) Pause Remark 48M->48M(192M) 1.662ms
[0.871s][info][gc,cpu      ] GC(6) User=0.01s Sys=0.00s Real=0.01s
[0.873s][info][gc,marking  ] GC(6) Concurrent Mark 20.900ms
[0.873s][info][gc,marking  ] GC(6) Concurrent Rebuild Remembered Sets and Scrub Regions
[0.881s][info][gc,marking  ] GC(6) Concurrent Rebuild Remembered Sets and Scrub Regions 8.226ms
[0.882s][info][gc,start    ] GC(6) Pause Cleanup
[0.882s][info][gc          ] GC(6) Pause Cleanup 48M->48M(192M) 0.073ms
[0.882s][info][gc,cpu      ] GC(6) User=0.00s Sys=0.00s Real=0.00s
[0.882s][info][gc,marking  ] GC(6) Concurrent Clear Claimed Marks
[0.882s][info][gc,marking  ] GC(6) Concurrent Clear Claimed Marks 0.023ms
[0.882s][info][gc,marking  ] GC(6) Concurrent Cleanup for Next Mark
[0.884s][info][gc,marking  ] GC(6) Concurrent Cleanup for Next Mark 1.740ms
[0.884s][info][gc          ] GC(6) Concurrent Mark Cycle 42.397ms
[1.175s][info][gc,start    ] GC(7) Pause Young (Prepare Mixed) (G1 Evacuation Pause)
[1.175s][info][gc,task     ] GC(7) Using 4 workers of 4 for evacuation
[1.181s][info][gc,phases   ] GC(7)   Pre Evacuate Collection Set: 0.1ms
[1.181s][info][gc,phases   ] GC(7)   Merge Heap Roots: 0.1ms
[1.181s][info][gc,phases   ] GC(7)   Evacuate Collection Set: 5.3ms
[1.181s][info][gc,phases   ] GC(7)   Post Evacuate Collection Set: 0.5ms
[1.181s][info][gc,phases   ] GC(7)   Other: 0.0ms
[1.181s][info][gc,heap     ] GC(7) Eden regions: 4->0(7)
[1.181s][info][gc,heap     ] GC(7) Survivor regions: 1->1(1)
[1.181s][info][gc,heap     ] GC(7) Old regions: 5->6
[1.181s][info][gc,heap     ] GC(7) Humongous regions: 1->1
[1.181s][info][gc,metaspace] GC(7) Metaspace: 33515K(34112K)->33515K(34112K) NonClass: 29815K(30144K)->29815K(30144K) Class: 3699K(3968K)->3699K(3968K)
[1.181s][info][gc          ] GC(7) Pause Young (Prepare Mixed) (G1 Evacuation Pause) 78M->54M(192M) 6.141ms
[1.181s][info][gc,cpu      ] GC(7) User=0.01s Sys=0.00s Real=0.00s
[1.273s][info][gc,start    ] GC(8) Pause Young (Mixed) (Metadata GC Threshold)
[1.273s][info][gc,task     ] GC(8) Using 4 workers of 4 for evacuation
[1.281s][info][gc,phases   ] GC(8)   Pre Evacuate Collection Set: 0.1ms
[1.281s][info][gc,phases   ] GC(8)   Merge Heap Roots: 0.1ms
[1.281s][info][gc,phases   ] GC(8)   Evacuate Collection Set: 7.2ms
[1.281s][info][gc,phases   ] GC(8)   Post Evacuate Collection Set: 0.5ms
[1.281s][info][gc,phases   ] GC(8)   Other: 0.0ms
[1.281s][info][gc,heap     ] GC(8) Eden regions: 2->0(7)
[1.281s][info][gc,heap     ] GC(8) Survivor regions: 1->1(1)
[1.281s][info][gc,heap     ] GC(8) Old regions: 6->6
[1.281s][info][gc,heap     ] GC(8) Humongous regions: 1->1
[1.281s][info][gc,metaspace] GC(8) Metaspace: 36645K(37248K)->36645K(37248K) NonClass: 32569K(32896K)->32569K(32896K) Class: 4076K(4352K)->4076K(4352K)
[1.281s][info][gc          ] GC(8) Pause Young (Mixed) (Metadata GC Threshold) 69M->58M(192M) 8.091ms
[1.281s][info][gc,cpu      ] GC(8) User=0.03s Sys=0.00s Real=0.00s
[1.291s][info][gc,start    ] GC(9) Pause Young (Concurrent Start) (Metadata GC Threshold)
[1.292s][info][gc,task     ] GC(9) Using 4 workers of 4 for evacuation
[1.293s][info][gc,phases   ] GC(9)   Pre Evacuate Collection Set: 0.1ms
[1.293s][info][gc,phases   ] GC(9)   Merge Heap Roots: 0.0ms
[1.293s][info][gc,phases   ] GC(9)   Evacuate Collection Set: 1.5ms
[1.293s][info][gc,phases   ] GC(9)   Post Evacuate Collection Set: 0.2ms
[1.293s][info][gc,phases   ] GC(9)   Other: 0.1ms
[1.293s][info][gc,heap     ] GC(9) Eden regions: 1->0(8)
[1.293s][info][gc,heap     ] GC(9) Survivor regions: 1->1(1)
[1.293s][info][gc,heap     ] GC(9) Old regions: 6->7
[1.293s][info][gc,heap     ] GC(9) Humongous regions: 1->1
[1.293s][info][gc,metaspace] GC(9) Metaspace: 36936K(37568K)->36936K(37568K) NonClass: 32824K(33152K)->32824K(33152K) Class: 4111K(4416K)->4111K(4416K)
[1.293s][info][gc          ] GC(9) Pause Young (Concurrent Start) (Metadata GC Threshold) 61M->59M(192M) 1.955ms
[1.293s][info][gc          ] GC(10) Concurrent Mark Cycle
[1.293s][info][gc,marking  ] GC(10) Concurrent Scan Root Regions
[1.293s][info][gc,cpu      ] GC(9) User=0.00s Sys=0.01s Real=0.00s
[1.295s][info][gc,marking  ] GC(10) Concurrent Scan Root Regions 1.967ms
[1.295s][info][gc,marking  ] GC(10) Concurrent Mark
[1.295s][info][gc,marking  ] GC(10) Concurrent Mark From Roots
[1.295s][info][gc,task     ] GC(10) Using 1 workers of 1 for marking
[1.330s][info][gc,marking  ] GC(10) Concurrent Mark From Roots 34.638ms
[1.330s][info][gc,marking  ] GC(10) Concurrent Preclean
[1.330s][info][gc,marking  ] GC(10) Concurrent Preclean 0.055ms
[1.332s][info][gc,start    ] GC(10) Pause Remark
[1.337s][info][gc          ] GC(10) Pause Remark 62M->62M(192M) 4.446ms
[1.337s][info][gc,cpu      ] GC(10) User=0.01s Sys=0.00s Real=0.00s
[1.337s][info][gc,marking  ] GC(10) Concurrent Mark 41.205ms
[1.337s][info][gc,marking  ] GC(10) Concurrent Rebuild Remembered Sets and Scrub Regions
[1.363s][info][gc,marking  ] GC(10) Concurrent Rebuild Remembered Sets and Scrub Regions 26.064ms
[1.363s][info][gc,start    ] GC(10) Pause Cleanup
[1.363s][info][gc          ] GC(10) Pause Cleanup 63M->63M(192M) 0.092ms
[1.363s][info][gc,cpu      ] GC(10) User=0.00s Sys=0.00s Real=0.00s
[1.365s][info][gc,marking  ] GC(10) Concurrent Clear Claimed Marks
[1.365s][info][gc,marking  ] GC(10) Concurrent Clear Claimed Marks 0.057ms
[1.365s][info][gc,marking  ] GC(10) Concurrent Cleanup for Next Mark
[1.365s][info][gc,marking  ] GC(10) Concurrent Cleanup for Next Mark 0.207ms
[1.365s][info][gc          ] GC(10) Concurrent Mark Cycle 71.629ms
[1.912s][info][gc,start    ] GC(11) Pause Young (Prepare Mixed) (G1 Evacuation Pause)
[1.912s][info][gc,task     ] GC(11) Using 4 workers of 4 for evacuation
[1.921s][info][gc,phases   ] GC(11)   Pre Evacuate Collection Set: 0.1ms
[1.921s][info][gc,phases   ] GC(11)   Merge Heap Roots: 0.1ms
[1.921s][info][gc,phases   ] GC(11)   Evacuate Collection Set: 7.8ms
[1.921s][info][gc,phases   ] GC(11)   Post Evacuate Collection Set: 0.9ms
[1.921s][info][gc,phases   ] GC(11)   Other: 0.1ms
[1.921s][info][gc,heap     ] GC(11) Eden regions: 8->0(7)
[1.921s][info][gc,heap     ] GC(11) Survivor regions: 1->2(2)
[1.921s][info][gc,heap     ] GC(11) Old regions: 7->7
[1.921s][info][gc,heap     ] GC(11) Humongous regions: 1->1
[1.921s][info][gc,metaspace] GC(11) Metaspace: 57042K(57920K)->57042K(57920K) NonClass: 50427K(50944K)->50427K(50944K) Class: 6615K(6976K)->6615K(6976K)
[1.921s][info][gc          ] GC(11) Pause Young (Prepare Mixed) (G1 Evacuation Pause) 123M->70M(192M) 9.078ms
[1.921s][info][gc,cpu      ] GC(11) User=0.03s Sys=0.00s Real=0.01s
[2.338s][info][gc,start    ] GC(12) Pause Young (Mixed) (Metadata GC Threshold)
[2.338s][info][gc,task     ] GC(12) Using 4 workers of 4 for evacuation
[2.353s][info][gc,phases   ] GC(12)   Pre Evacuate Collection Set: 0.1ms
[2.353s][info][gc,phases   ] GC(12)   Merge Heap Roots: 0.1ms
[2.353s][info][gc,phases   ] GC(12)   Evacuate Collection Set: 12.9ms
[2.353s][info][gc,phases   ] GC(12)   Post Evacuate Collection Set: 1.4ms
[2.353s][info][gc,phases   ] GC(12)   Other: 0.1ms
[2.353s][info][gc,heap     ] GC(12) Eden regions: 3->0(15)
[2.353s][info][gc,heap     ] GC(12) Survivor regions: 2->1(2)
[2.353s][info][gc,heap     ] GC(12) Old regions: 7->8
[2.353s][info][gc,heap     ] GC(12) Humongous regions: 1->1
[2.353s][info][gc,metaspace] GC(12) Metaspace: 63969K(64896K)->63969K(64896K) NonClass: 56546K(57088K)->56546K(57088K) Class: 7422K(7808K)->7422K(7808K)
[2.353s][info][gc          ] GC(12) Pause Young (Mixed) (Metadata GC Threshold) 89M->74M(288M) 14.694ms
[2.353s][info][gc,cpu      ] GC(12) User=0.05s Sys=0.01s Real=0.02s
[2.371s][info][gc,start    ] GC(13) Pause Young (Concurrent Start) (Metadata GC Threshold)
[2.371s][info][gc,task     ] GC(13) Using 4 workers of 4 for evacuation
[2.375s][info][gc,phases   ] GC(13)   Pre Evacuate Collection Set: 0.1ms
[2.375s][info][gc,phases   ] GC(13)   Merge Heap Roots: 0.1ms
[2.375s][info][gc,phases   ] GC(13)   Evacuate Collection Set: 3.3ms
[2.375s][info][gc,phases   ] GC(13)   Post Evacuate Collection Set: 0.4ms
[2.375s][info][gc,phases   ] GC(13)   Other: 0.1ms
[2.375s][info][gc,heap     ] GC(13) Eden regions: 1->0(17)
[2.375s][info][gc,heap     ] GC(13) Survivor regions: 1->1(2)
[2.375s][info][gc,heap     ] GC(13) Old regions: 8->8
[2.375s][info][gc,heap     ] GC(13) Humongous regions: 1->1
[2.375s][info][gc,metaspace] GC(13) Metaspace: 64236K(65216K)->64236K(65216K) NonClass: 56775K(57344K)->56775K(57344K) Class: 7460K(7872K)->7460K(7872K)
[2.375s][info][gc          ] GC(13) Pause Young (Concurrent Start) (Metadata GC Threshold) 75M->74M(288M) 4.011ms
[2.375s][info][gc,cpu      ] GC(13) User=0.01s Sys=0.00s Real=0.00s
[2.375s][info][gc          ] GC(14) Concurrent Mark Cycle
[2.375s][info][gc,marking  ] GC(14) Concurrent Scan Root Regions
[2.379s][info][gc,marking  ] GC(14) Concurrent Scan Root Regions 4.056ms
[2.379s][info][gc,marking  ] GC(14) Concurrent Mark
[2.379s][info][gc,marking  ] GC(14) Concurrent Mark From Roots
[2.379s][info][gc,task     ] GC(14) Using 1 workers of 1 for marking
[2.426s][info][gc,marking  ] GC(14) Concurrent Mark From Roots 46.582ms
[2.426s][info][gc,marking  ] GC(14) Concurrent Preclean
[2.426s][info][gc,marking  ] GC(14) Concurrent Preclean 0.090ms
[2.426s][info][gc,start    ] GC(14) Pause Remark
[2.432s][info][gc          ] GC(14) Pause Remark 75M->75M(272M) 5.892ms
[2.432s][info][gc,cpu      ] GC(14) User=0.01s Sys=0.01s Real=0.01s
[2.433s][info][gc,marking  ] GC(14) Concurrent Mark 53.323ms
[2.433s][info][gc,marking  ] GC(14) Concurrent Rebuild Remembered Sets and Scrub Regions
[2.456s][info][gc,marking  ] GC(14) Concurrent Rebuild Remembered Sets and Scrub Regions 23.775ms
[2.457s][info][gc,start    ] GC(14) Pause Cleanup
[2.457s][info][gc          ] GC(14) Pause Cleanup 77M->77M(272M) 0.078ms
[2.457s][info][gc,cpu      ] GC(14) User=0.00s Sys=0.00s Real=0.00s
[2.457s][info][gc,marking  ] GC(14) Concurrent Clear Claimed Marks
[2.457s][info][gc,marking  ] GC(14) Concurrent Clear Claimed Marks 0.084ms
[2.457s][info][gc,marking  ] GC(14) Concurrent Cleanup for Next Mark
[2.458s][info][gc,marking  ] GC(14) Concurrent Cleanup for Next Mark 0.905ms
[2.458s][info][gc          ] GC(14) Concurrent Mark Cycle 82.532ms
[3.443s][info][gc,start    ] GC(15) Pause Young (Prepare Mixed) (G1 Evacuation Pause)
[3.443s][info][gc,task     ] GC(15) Using 4 workers of 4 for evacuation
[3.459s][info][gc,phases   ] GC(15)   Pre Evacuate Collection Set: 0.1ms
[3.459s][info][gc,phases   ] GC(15)   Merge Heap Roots: 0.2ms
[3.459s][info][gc,phases   ] GC(15)   Evacuate Collection Set: 14.4ms
[3.459s][info][gc,phases   ] GC(15)   Post Evacuate Collection Set: 1.2ms
[3.459s][info][gc,phases   ] GC(15)   Other: 0.1ms
[3.459s][info][gc,heap     ] GC(15) Eden regions: 14->0(12)
[3.459s][info][gc,heap     ] GC(15) Survivor regions: 1->3(3)
[3.459s][info][gc,heap     ] GC(15) Old regions: 8->8
[3.459s][info][gc,heap     ] GC(15) Humongous regions: 11->6
[3.459s][info][gc,metaspace] GC(15) Metaspace: 94176K(95744K)->94176K(95744K) NonClass: 82873K(83776K)->82873K(83776K) Class: 11303K(11968K)->11303K(11968K)
[3.459s][info][gc          ] GC(15) Pause Young (Prepare Mixed) (G1 Evacuation Pause) 266M->132M(296M) 16.074ms
[3.459s][info][gc,cpu      ] GC(15) User=0.05s Sys=0.00s Real=0.01s
[4.006s][info][gc,start    ] GC(16) Pause Young (Mixed) (Metadata GC Threshold)
[4.006s][info][gc,task     ] GC(16) Using 4 workers of 4 for evacuation
[4.031s][info][gc,phases   ] GC(16)   Pre Evacuate Collection Set: 0.1ms
[4.031s][info][gc,phases   ] GC(16)   Merge Heap Roots: 0.1ms
[4.031s][info][gc,phases   ] GC(16)   Evacuate Collection Set: 22.9ms
[4.031s][info][gc,phases   ] GC(16)   Post Evacuate Collection Set: 1.5ms
[4.031s][info][gc,phases   ] GC(16)   Other: 0.1ms
[4.031s][info][gc,heap     ] GC(16) Eden regions: 9->0(11)
[4.031s][info][gc,heap     ] GC(16) Survivor regions: 3->2(2)
[4.031s][info][gc,heap     ] GC(16) Old regions: 8->11
[4.031s][info][gc,heap     ] GC(16) Humongous regions: 7->4
[4.031s][info][gc,metaspace] GC(16) Metaspace: 108631K(110400K)->108631K(110400K) NonClass: 95480K(96512K)->95480K(96512K) Class: 13150K(13888K)->13150K(13888K)
[4.031s][info][gc          ] GC(16) Pause Young (Mixed) (Metadata GC Threshold) 206M->132M(296M) 24.755ms
[4.031s][info][gc,cpu      ] GC(16) User=0.10s Sys=0.00s Real=0.02s
[4.064s][info][gc,start    ] GC(17) Pause Young (Concurrent Start) (Metadata GC Threshold)
[4.064s][info][gc,task     ] GC(17) Using 4 workers of 4 for evacuation
[4.073s][info][gc,phases   ] GC(17)   Pre Evacuate Collection Set: 0.1ms
[4.073s][info][gc,phases   ] GC(17)   Merge Heap Roots: 0.1ms
[4.073s][info][gc,phases   ] GC(17)   Evacuate Collection Set: 7.9ms
[4.073s][info][gc,phases   ] GC(17)   Post Evacuate Collection Set: 0.5ms
[4.073s][info][gc,phases   ] GC(17)   Other: 0.1ms
[4.073s][info][gc,heap     ] GC(17) Eden regions: 2->0(11)
[4.073s][info][gc,heap     ] GC(17) Survivor regions: 2->1(2)
[4.073s][info][gc,heap     ] GC(17) Old regions: 11->13
[4.073s][info][gc,heap     ] GC(17) Humongous regions: 4->4
[4.073s][info][gc,metaspace] GC(17) Metaspace: 108962K(110720K)->108962K(110720K) NonClass: 95762K(96768K)->95762K(96768K) Class: 13199K(13952K)->13199K(13952K)
[4.073s][info][gc          ] GC(17) Pause Young (Concurrent Start) (Metadata GC Threshold) 143M->137M(296M) 8.740ms
[4.073s][info][gc,cpu      ] GC(17) User=0.02s Sys=0.00s Real=0.01s
[4.073s][info][gc          ] GC(18) Concurrent Mark Cycle
[4.073s][info][gc,marking  ] GC(18) Concurrent Scan Root Regions
[4.087s][info][gc,marking  ] GC(18) Concurrent Scan Root Regions 14.278ms
[4.087s][info][gc,marking  ] GC(18) Concurrent Mark
[4.087s][info][gc,marking  ] GC(18) Concurrent Mark From Roots
[4.087s][info][gc,task     ] GC(18) Using 1 workers of 1 for marking
[4.281s][info][gc,marking  ] GC(18) Concurrent Mark From Roots 193.821ms
[4.281s][info][gc,marking  ] GC(18) Concurrent Preclean
[4.282s][info][gc,marking  ] GC(18) Concurrent Preclean 0.274ms
[4.283s][info][gc,start    ] GC(18) Pause Remark
[4.294s][info][gc          ] GC(18) Pause Remark 184M->184M(296M) 10.562ms
[4.294s][info][gc,cpu      ] GC(18) User=0.03s Sys=0.00s Real=0.01s
[4.298s][info][gc,marking  ] GC(18) Concurrent Mark 210.827ms
[4.298s][info][gc,marking  ] GC(18) Concurrent Rebuild Remembered Sets and Scrub Regions
[4.397s][info][gc,marking  ] GC(18) Concurrent Rebuild Remembered Sets and Scrub Regions 98.912ms
[4.397s][info][gc,start    ] GC(18) Pause Cleanup
[4.398s][info][gc          ] GC(18) Pause Cleanup 224M->224M(296M) 0.075ms
[4.398s][info][gc,cpu      ] GC(18) User=0.00s Sys=0.00s Real=0.00s
[4.401s][info][gc,marking  ] GC(18) Concurrent Clear Claimed Marks
[4.401s][info][gc,marking  ] GC(18) Concurrent Clear Claimed Marks 0.145ms
[4.401s][info][gc,marking  ] GC(18) Concurrent Cleanup for Next Mark
[4.401s][info][gc,marking  ] GC(18) Concurrent Cleanup for Next Mark 0.500ms
[4.401s][info][gc          ] GC(18) Concurrent Mark Cycle 328.065ms
[4.402s][info][gc,start    ] GC(19) Pause Young (Prepare Mixed) (G1 Evacuation Pause)
[4.402s][info][gc,task     ] GC(19) Using 4 workers of 4 for evacuation
[4.415s][info][gc,phases   ] GC(19)   Pre Evacuate Collection Set: 0.1ms
[4.415s][info][gc,phases   ] GC(19)   Merge Heap Roots: 0.1ms
[4.415s][info][gc,phases   ] GC(19)   Evacuate Collection Set: 11.5ms
[4.415s][info][gc,phases   ] GC(19)   Post Evacuate Collection Set: 0.7ms
[4.415s][info][gc,phases   ] GC(19)   Other: 0.1ms
[4.415s][info][gc,heap     ] GC(19) Eden regions: 11->0(10)
[4.415s][info][gc,heap     ] GC(19) Survivor regions: 1->2(2)
[4.415s][info][gc,heap     ] GC(19) Old regions: 13->14
[4.415s][info][gc,heap     ] GC(19) Humongous regions: 4->4
[4.415s][info][gc,metaspace] GC(19) Metaspace: 113833K(115648K)->113833K(115648K) NonClass: 100014K(101120K)->100014K(101120K) Class: 13819K(14528K)->13819K(14528K)
[4.415s][info][gc          ] GC(19) Pause Young (Prepare Mixed) (G1 Evacuation Pause) 225M->157M(296M) 12.586ms
[4.415s][info][gc,cpu      ] GC(19) User=0.05s Sys=0.00s Real=0.01s
[4.796s][info][gc,start    ] GC(20) Pause Young (Mixed) (G1 Evacuation Pause)
[4.796s][info][gc,task     ] GC(20) Using 4 workers of 4 for evacuation
[4.813s][info][gc,phases   ] GC(20)   Pre Evacuate Collection Set: 0.1ms
[4.813s][info][gc,phases   ] GC(20)   Merge Heap Roots: 0.1ms
[4.813s][info][gc,phases   ] GC(20)   Evacuate Collection Set: 15.4ms
[4.813s][info][gc,phases   ] GC(20)   Post Evacuate Collection Set: 1.5ms
[4.813s][info][gc,phases   ] GC(20)   Other: 0.0ms
[4.813s][info][gc,heap     ] GC(20) Eden regions: 10->0(46)
[4.813s][info][gc,heap     ] GC(20) Survivor regions: 2->2(2)
[4.813s][info][gc,heap     ] GC(20) Old regions: 14->16
[4.813s][info][gc,heap     ] GC(20) Humongous regions: 4->4
[4.813s][info][gc,metaspace] GC(20) Metaspace: 120070K(121856K)->120070K(121856K) NonClass: 105406K(106496K)->105406K(106496K) Class: 14663K(15360K)->14663K(15360K)
[4.813s][info][gc          ] GC(20) Pause Young (Mixed) (G1 Evacuation Pause) 237M->174M(752M) 17.300ms
[4.813s][info][gc,cpu      ] GC(20) User=0.06s Sys=0.00s Real=0.02s
[7.278s][info][gc,start    ] GC(21) Pause Young (Normal) (G1 Evacuation Pause)
[7.278s][info][gc,task     ] GC(21) Using 4 workers of 4 for evacuation
[7.299s][info][gc,phases   ] GC(21)   Pre Evacuate Collection Set: 0.1ms
[7.299s][info][gc,phases   ] GC(21)   Merge Heap Roots: 0.1ms
[7.299s][info][gc,phases   ] GC(21)   Evacuate Collection Set: 20.3ms
[7.299s][info][gc,phases   ] GC(21)   Post Evacuate Collection Set: 1.1ms
[7.299s][info][gc,phases   ] GC(21)   Other: 0.0ms
[7.299s][info][gc,heap     ] GC(21) Eden regions: 46->0(52)
[7.299s][info][gc,heap     ] GC(21) Survivor regions: 2->4(6)
[7.299s][info][gc,heap     ] GC(21) Old regions: 16->16
[7.299s][info][gc,heap     ] GC(21) Humongous regions: 9->5
[7.299s][info][gc,metaspace] GC(21) Metaspace: 134904K(136832K)->134904K(136832K) NonClass: 118530K(119680K)->118530K(119680K) Class: 16373K(17152K)->16373K(17152K)
[7.299s][info][gc          ] GC(21) Pause Young (Normal) (G1 Evacuation Pause) 582M->194M(752M) 21.803ms
[7.299s][info][gc,cpu      ] GC(21) User=0.08s Sys=0.01s Real=0.02s
[12.140s][info][gc,start    ] GC(22) Pause Young (Normal) (G1 Evacuation Pause)
[12.141s][info][gc,task     ] GC(22) Using 4 workers of 4 for evacuation
[12.165s][info][gc,phases   ] GC(22)   Pre Evacuate Collection Set: 0.1ms
[12.165s][info][gc,phases   ] GC(22)   Merge Heap Roots: 0.1ms
[12.165s][info][gc,phases   ] GC(22)   Evacuate Collection Set: 21.6ms
[12.165s][info][gc,phases   ] GC(22)   Post Evacuate Collection Set: 2.6ms
[12.165s][info][gc,phases   ] GC(22)   Other: 0.1ms
[12.165s][info][gc,heap     ] GC(22) Eden regions: 52->0(50)
[12.165s][info][gc,heap     ] GC(22) Survivor regions: 4->6(7)
[12.165s][info][gc,heap     ] GC(22) Old regions: 16->16
[12.165s][info][gc,heap     ] GC(22) Humongous regions: 5->5
[12.165s][info][gc,metaspace] GC(22) Metaspace: 176091K(178432K)->176091K(178432K) NonClass: 152734K(154112K)->152734K(154112K) Class: 23356K(24320K)->23356K(24320K)
[12.165s][info][gc          ] GC(22) Pause Young (Normal) (G1 Evacuation Pause) 610M->210M(752M) 24.613ms
[12.165s][info][gc,cpu      ] GC(22) User=0.08s Sys=0.00s Real=0.03s
[13.201s][info][gc,start    ] GC(23) Pause Young (Concurrent Start) (Metadata GC Threshold)
[13.201s][info][gc,task     ] GC(23) Using 4 workers of 4 for evacuation
[13.232s][info][gc,phases   ] GC(23)   Pre Evacuate Collection Set: 0.2ms
[13.232s][info][gc,phases   ] GC(23)   Merge Heap Roots: 0.1ms
[13.232s][info][gc,phases   ] GC(23)   Evacuate Collection Set: 29.2ms
[13.232s][info][gc,phases   ] GC(23)   Post Evacuate Collection Set: 2.0ms
[13.232s][info][gc,phases   ] GC(23)   Other: 0.1ms
[13.232s][info][gc,heap     ] GC(23) Eden regions: 19->0(48)
[13.232s][info][gc,heap     ] GC(23) Survivor regions: 6->6(7)
[13.232s][info][gc,heap     ] GC(23) Old regions: 16->20
[13.232s][info][gc,heap     ] GC(23) Humongous regions: 5->5
[13.232s][info][gc,metaspace] GC(23) Metaspace: 187874K(190400K)->187874K(190400K) NonClass: 163023K(164416K)->163023K(164416K) Class: 24850K(25984K)->24850K(25984K)
[13.232s][info][gc          ] GC(23) Pause Young (Concurrent Start) (Metadata GC Threshold) 355M->240M(752M) 31.712ms
[13.232s][info][gc          ] GC(24) Concurrent Mark Cycle
[13.232s][info][gc,marking  ] GC(24) Concurrent Scan Root Regions
[13.232s][info][gc,cpu      ] GC(23) User=0.12s Sys=0.00s Real=0.04s
[13.270s][info][gc,marking  ] GC(24) Concurrent Scan Root Regions 37.268ms
[13.270s][info][gc,marking  ] GC(24) Concurrent Mark
[13.270s][info][gc,marking  ] GC(24) Concurrent Mark From Roots
[13.270s][info][gc,task     ] GC(24) Using 1 workers of 1 for marking
[13.351s][info][gc,marking  ] GC(24) Concurrent Mark From Roots 81.259ms
[13.351s][info][gc,marking  ] GC(24) Concurrent Preclean
[13.351s][info][gc,marking  ] GC(24) Concurrent Preclean 0.338ms
[13.351s][info][gc,start    ] GC(24) Pause Remark
[13.365s][info][gc          ] GC(24) Pause Remark 248M->224M(752M) 13.798ms
[13.365s][info][gc,cpu      ] GC(24) User=0.05s Sys=0.00s Real=0.01s
[13.365s][info][gc,marking  ] GC(24) Concurrent Mark 95.670ms
[13.365s][info][gc,marking  ] GC(24) Concurrent Rebuild Remembered Sets and Scrub Regions
[13.409s][info][gc,marking  ] GC(24) Concurrent Rebuild Remembered Sets and Scrub Regions 43.995ms
[13.410s][info][gc,start    ] GC(24) Pause Cleanup
[13.410s][info][gc          ] GC(24) Pause Cleanup 227M->227M(752M) 0.090ms
[13.410s][info][gc,cpu      ] GC(24) User=0.00s Sys=0.00s Real=0.00s
[13.410s][info][gc,marking  ] GC(24) Concurrent Clear Claimed Marks
[13.410s][info][gc,marking  ] GC(24) Concurrent Clear Claimed Marks 0.194ms
[13.410s][info][gc,marking  ] GC(24) Concurrent Cleanup for Next Mark
[13.412s][info][gc,marking  ] GC(24) Concurrent Cleanup for Next Mark 2.280ms
[13.412s][info][gc          ] GC(24) Concurrent Mark Cycle 179.797ms
[15.205s][info][gc,heap,exit] Heap
[15.205s][info][gc,heap,exit]  garbage-first heap   total 770048K, used 448850K [0x0000000544000000, 0x0000000800000000)
[15.205s][info][gc,heap,exit]   region size 8192K, 34 young (278528K), 6 survivors (49152K)
[15.205s][info][gc,heap,exit]  Metaspace       used 196371K, committed 199040K, reserved 1245184K
[15.205s][info][gc,heap,exit]   class space    used 25986K, committed 27136K, reserved 1048576K
