diff --git a/.github/workflows/code_quality.yml b/.github/workflows/code_quality.yml
index 5e44f63..05dbf6b 100644
--- a/.github/workflows/code_quality.yml
+++ b/.github/workflows/code_quality.yml
@@ -7 +7 @@ jobs:
-  qodana-backend:
+  qodana-scan:
@@ -10 +10 @@ jobs:
-      contents: write
+      contents: read
@@ -14 +14 @@ jobs:
-      - uses: actions/checkout@v3
+      - uses: actions/checkout@v5
@@ -21,0 +22 @@ jobs:
+          results-dir: ./qodana-report
@@ -23,2 +24,51 @@ jobs:
-            --source-directory,backend,--linter,qodana-jvm-community
-          artifact-name: qodana-backend
+            --source-directory,backend,
+            --linter,qodana-jvm-community
+
+      - name: Upload Qodana report as artifact
+        uses: actions/upload-artifact@v4
+        with:
+          name: qodana-report-pr-${{ github.event.pull_request.number }}
+          path: ./qodana-report/
+
+  deploy-report:
+    runs-on: ubuntu-latest
+    needs: qodana-scan
+    permissions:
+      contents: write
+      pull-requests: write
+    steps:
+      - name: Download Qodana report
+        uses: actions/download-artifact@v4
+        with:
+          name: qodana-report-pr-${{ github.event.pull_request.number }}
+          path: ./downloaded-report
+
+      - name: Checkout gh-pages branch
+        uses: actions/checkout@v5
+        with:
+          ref: gh-pages
+          path: gh-pages-content
+          token: ${{ secrets.GITHUB_TOKEN }}
+        continue-on-error: true
+
+      - name: Create PR directory and copy report
+        run: |
+          PR_NUMBER=${{ github.event.pull_request.number }}
+          cd gh-pages-content
+          mkdir -p "pr-${PR_NUMBER}"
+          cp -r ../downloaded-report/* "pr-${PR_NUMBER}/"
+
+      - name: Commit and push to gh-pages
+        run: |
+          cd gh-pages-content
+          git config --local user.email "action@github.com"
+          git config --local user.name "GitHub Action"
+          git add .
+          
+          if git diff --staged --quiet; then
+            echo "No changes to commit"
+            exit 0
+          fi
+          
+          git commit -m "Add Qodana report for PR #${{ github.event.pull_request.number }}"
+          git push origin gh-pages
diff --git a/backend/src/main/java/com/example/backend/QodanaTest.java b/backend/src/main/java/com/example/backend/QodanaTest.java
new file mode 100644
index 0000000..bf1476d
--- /dev/null
+++ b/backend/src/main/java/com/example/backend/QodanaTest.java
@@ -0,0 +1,8 @@
+package com.example.backend;
+
+public class QodanaTest {
+    public static void main(String[] args) {
+        String str = null;
+        System.out.println(str.length());
+    }
+}
diff --git a/qodana.yaml b/qodana.yaml
index 54377fe..3d2f20e 100644
--- a/qodana.yaml
+++ b/qodana.yaml
@@ -13 +13 @@ profile:
-  name: qodana.starter
+  name: qodana.recommended
